[2016-11-11 06:02:55] local.DEBUG: ["First Debug Info."] [] []
[2016-11-11 06:02:55] system.ERROR: PDOException: SQLSTATE[HY000] [1045] Access denied for user 'tinylara'@'localhost' (using password: YES) in file /home/zhong/test/TinyLara/vendor/illuminate/database/Connectors/Connector.php on line 119 Stack trace:   1. PDOException->() /home/zhong/test/TinyLara/vendor/illuminate/database/Connectors/Connector.php:119   2. PDO->__construct() /home/zhong/test/TinyLara/vendor/illuminate/database/Connectors/Connector.php:119   3. Illuminate\Database\Connectors\Connector->createPdoConnection() /home/zhong/test/TinyLara/vendor/illuminate/database/Connectors/Connector.php:56   4. Illuminate\Database\Connectors\Connector->createConnection() /home/zhong/test/TinyLara/vendor/illuminate/database/Connectors/MySqlConnector.php:24   5. Illuminate\Database\Connectors\MySqlConnector->connect() /home/zhong/test/TinyLara/vendor/illuminate/database/Connectors/ConnectionFactory.php:100   6. Illuminate\Database\Connectors\ConnectionFactory->Illuminate\Database\Connectors\{closure}() /home/zhong/test/TinyLara/vendor/illuminate/database/Connection.php:956   7. call_user_func() /home/zhong/test/TinyLara/vendor/illuminate/database/Connection.php:956   8. Illuminate\Database\Connection->getPdo() /home/zhong/test/TinyLara/vendor/illuminate/database/Connection.php:824   9. Illuminate\Database\Connection->reconnectIfMissingConnection() /home/zhong/test/TinyLara/vendor/illuminate/database/Connection.php:709  10. Illuminate\Database\Connection->run() /home/zhong/test/TinyLara/vendor/illuminate/database/Connection.php:351  11. Illuminate\Database\Connection->select() /home/zhong/test/TinyLara/vendor/illuminate/database/Query/Builder.php:1648  12. Illuminate\Database\Query\Builder->runSelect() /home/zhong/test/TinyLara/vendor/illuminate/database/Query/Builder.php:1634  13. Illuminate\Database\Query\Builder->get() /home/zhong/test/TinyLara/vendor/illuminate/database/Eloquent/Builder.php:613  14. Illuminate\Database\Eloquent\Builder->getModels() /home/zhong/test/TinyLara/vendor/illuminate/database/Eloquent/Builder.php:318  15. Illuminate\Database\Eloquent\Builder->get() /home/zhong/test/TinyLara/vendor/illuminate/database/Eloquent/Builder.php:288  16. Illuminate\Database\Eloquent\Builder->first() /home/zhong/test/TinyLara/vendor/illuminate/database/Eloquent/Model.php:3538  17. call_user_func_array() /home/zhong/test/TinyLara/vendor/illuminate/database/Eloquent/Model.php:3538  18. Illuminate\Database\Eloquent\Model->__call() [internal]:0  19. Article->first() /home/zhong/test/TinyLara/vendor/illuminate/database/Eloquent/Model.php:3552  20. call_user_func_array() /home/zhong/test/TinyLara/vendor/illuminate/database/Eloquent/Model.php:3552  21. Illuminate\Database\Eloquent\Model->__callStatic() /home/zhong/test/TinyLara/app/controllers/HomeController.php:33  22. Article->first() /home/zhong/test/TinyLara/app/controllers/HomeController.php:33  23. HomeController->home() /home/zhong/test/TinyLara/vendor/tinylara/framework/src/TinyLara/Routing/Router.php:114  24. TinyLara\Routing\Router->dispatch() /home/zhong/test/TinyLara/config/routes.php:19  25. require() /home/zhong/test/TinyLara/public/index.php:10  [] []
[2016-11-11 06:04:13] local.DEBUG: ["First Debug Info."] [] []
[2016-11-11 06:04:13] system.ERROR: Whoops\Exception\ErrorException: Call to a member function connection() on null in file /home/zhong/test/TinyLara/vendor/illuminate/database/Eloquent/Model.php on line 3326 Stack trace:   1. Whoops\Exception\ErrorException->() /home/zhong/test/TinyLara/vendor/illuminate/database/Eloquent/Model.php:3326  [] []
[2016-11-11 06:04:15] local.DEBUG: ["First Debug Info."] [] []
[2016-11-11 06:04:15] system.ERROR: Whoops\Exception\ErrorException: Call to a member function connection() on null in file /home/zhong/test/TinyLara/vendor/illuminate/database/Eloquent/Model.php on line 3326 Stack trace:   1. Whoops\Exception\ErrorException->() /home/zhong/test/TinyLara/vendor/illuminate/database/Eloquent/Model.php:3326  [] []
[2016-11-11 06:07:41] local.DEBUG: ["First Debug Info."] [] []
[2016-11-11 06:07:41] system.ERROR: PDOException: SQLSTATE[HY000] [1045] Access denied for user 'tinylara'@'localhost' (using password: YES) in file /home/zhong/test/TinyLara/vendor/illuminate/database/Connectors/Connector.php on line 119 Stack trace:   1. PDOException->() /home/zhong/test/TinyLara/vendor/illuminate/database/Connectors/Connector.php:119   2. PDO->__construct() /home/zhong/test/TinyLara/vendor/illuminate/database/Connectors/Connector.php:119   3. Illuminate\Database\Connectors\Connector->createPdoConnection() /home/zhong/test/TinyLara/vendor/illuminate/database/Connectors/Connector.php:56   4. Illuminate\Database\Connectors\Connector->createConnection() /home/zhong/test/TinyLara/vendor/illuminate/database/Connectors/MySqlConnector.php:24   5. Illuminate\Database\Connectors\MySqlConnector->connect() /home/zhong/test/TinyLara/vendor/illuminate/database/Connectors/ConnectionFactory.php:100   6. Illuminate\Database\Connectors\ConnectionFactory->Illuminate\Database\Connectors\{closure}() /home/zhong/test/TinyLara/vendor/illuminate/database/Connection.php:956   7. call_user_func() /home/zhong/test/TinyLara/vendor/illuminate/database/Connection.php:956   8. Illuminate\Database\Connection->getPdo() /home/zhong/test/TinyLara/vendor/illuminate/database/Connection.php:824   9. Illuminate\Database\Connection->reconnectIfMissingConnection() /home/zhong/test/TinyLara/vendor/illuminate/database/Connection.php:709  10. Illuminate\Database\Connection->run() /home/zhong/test/TinyLara/vendor/illuminate/database/Connection.php:351  11. Illuminate\Database\Connection->select() /home/zhong/test/TinyLara/vendor/illuminate/database/Query/Builder.php:1648  12. Illuminate\Database\Query\Builder->runSelect() /home/zhong/test/TinyLara/vendor/illuminate/database/Query/Builder.php:1634  13. Illuminate\Database\Query\Builder->get() /home/zhong/test/TinyLara/vendor/illuminate/database/Eloquent/Builder.php:613  14. Illuminate\Database\Eloquent\Builder->getModels() /home/zhong/test/TinyLara/vendor/illuminate/database/Eloquent/Builder.php:318  15. Illuminate\Database\Eloquent\Builder->get() /home/zhong/test/TinyLara/vendor/illuminate/database/Eloquent/Builder.php:288  16. Illuminate\Database\Eloquent\Builder->first() /home/zhong/test/TinyLara/vendor/illuminate/database/Eloquent/Model.php:3538  17. call_user_func_array() /home/zhong/test/TinyLara/vendor/illuminate/database/Eloquent/Model.php:3538  18. Illuminate\Database\Eloquent\Model->__call() [internal]:0  19. Article->first() /home/zhong/test/TinyLara/vendor/illuminate/database/Eloquent/Model.php:3552  20. call_user_func_array() /home/zhong/test/TinyLara/vendor/illuminate/database/Eloquent/Model.php:3552  21. Illuminate\Database\Eloquent\Model->__callStatic() /home/zhong/test/TinyLara/app/controllers/HomeController.php:33  22. Article->first() /home/zhong/test/TinyLara/app/controllers/HomeController.php:33  23. HomeController->home() /home/zhong/test/TinyLara/vendor/tinylara/framework/src/TinyLara/Routing/Router.php:114  24. TinyLara\Routing\Router->dispatch() /home/zhong/test/TinyLara/config/routes.php:19  25. require() /home/zhong/test/TinyLara/public/index.php:10  [] []
[2016-11-11 06:30:40] local.DEBUG: ["First Debug Info."] [] []
[2016-11-11 06:32:45] local.DEBUG: ["First Debug Info."] [] []
[2016-11-11 06:34:05] local.DEBUG: ["First Debug Info."] [] []
[2016-11-11 06:34:23] local.DEBUG: ["First Debug Info."] [] []
[2016-11-11 06:34:23] local.DEBUG: ["First Debug Info."] [] []
[2016-11-11 06:34:24] local.DEBUG: ["First Debug Info."] [] []
[2016-11-11 06:34:24] local.DEBUG: ["First Debug Info."] [] []
[2016-11-11 06:34:24] local.DEBUG: ["First Debug Info."] [] []
[2016-11-11 06:34:35] local.DEBUG: ["First Debug Info."] [] []
[2016-11-11 06:34:35] system.ERROR: PDOException: SQLSTATE[HY000] [1049] Unknown database 'tinylara1' in file /home/zhong/test/TinyLara/vendor/illuminate/database/Connectors/Connector.php on line 119 Stack trace:   1. PDOException->() /home/zhong/test/TinyLara/vendor/illuminate/database/Connectors/Connector.php:119   2. PDO->__construct() /home/zhong/test/TinyLara/vendor/illuminate/database/Connectors/Connector.php:119   3. Illuminate\Database\Connectors\Connector->createPdoConnection() /home/zhong/test/TinyLara/vendor/illuminate/database/Connectors/Connector.php:56   4. Illuminate\Database\Connectors\Connector->createConnection() /home/zhong/test/TinyLara/vendor/illuminate/database/Connectors/MySqlConnector.php:24   5. Illuminate\Database\Connectors\MySqlConnector->connect() /home/zhong/test/TinyLara/vendor/illuminate/database/Connectors/ConnectionFactory.php:100   6. Illuminate\Database\Connectors\ConnectionFactory->Illuminate\Database\Connectors\{closure}() /home/zhong/test/TinyLara/vendor/illuminate/database/Connection.php:956   7. call_user_func() /home/zhong/test/TinyLara/vendor/illuminate/database/Connection.php:956   8. Illuminate\Database\Connection->getPdo() /home/zhong/test/TinyLara/vendor/illuminate/database/Connection.php:824   9. Illuminate\Database\Connection->reconnectIfMissingConnection() /home/zhong/test/TinyLara/vendor/illuminate/database/Connection.php:709  10. Illuminate\Database\Connection->run() /home/zhong/test/TinyLara/vendor/illuminate/database/Connection.php:351  11. Illuminate\Database\Connection->select() /home/zhong/test/TinyLara/vendor/illuminate/database/Query/Builder.php:1648  12. Illuminate\Database\Query\Builder->runSelect() /home/zhong/test/TinyLara/vendor/illuminate/database/Query/Builder.php:1634  13. Illuminate\Database\Query\Builder->get() /home/zhong/test/TinyLara/vendor/illuminate/database/Eloquent/Builder.php:613  14. Illuminate\Database\Eloquent\Builder->getModels() /home/zhong/test/TinyLara/vendor/illuminate/database/Eloquent/Builder.php:318  15. Illuminate\Database\Eloquent\Builder->get() /home/zhong/test/TinyLara/vendor/illuminate/database/Eloquent/Builder.php:288  16. Illuminate\Database\Eloquent\Builder->first() /home/zhong/test/TinyLara/vendor/illuminate/database/Eloquent/Model.php:3538  17. call_user_func_array() /home/zhong/test/TinyLara/vendor/illuminate/database/Eloquent/Model.php:3538  18. Illuminate\Database\Eloquent\Model->__call() [internal]:0  19. Article->first() /home/zhong/test/TinyLara/vendor/illuminate/database/Eloquent/Model.php:3552  20. call_user_func_array() /home/zhong/test/TinyLara/vendor/illuminate/database/Eloquent/Model.php:3552  21. Illuminate\Database\Eloquent\Model->__callStatic() /home/zhong/test/TinyLara/app/controllers/HomeController.php:33  22. Article->first() /home/zhong/test/TinyLara/app/controllers/HomeController.php:33  23. HomeController->home() /home/zhong/test/TinyLara/vendor/tinylara/framework/src/TinyLara/Routing/Router.php:114  24. TinyLara\Routing\Router->dispatch() /home/zhong/test/TinyLara/config/routes.php:19  25. require() /home/zhong/test/TinyLara/public/index.php:10  [] []
[2016-11-11 06:34:50] local.DEBUG: ["First Debug Info."] [] []
[2016-11-11 07:05:47] local.DEBUG: ["First Debug Info."] [] []
[2016-11-11 07:20:42] local.DEBUG: ["First Debug Info."] [] []
[2016-11-11 07:22:05] local.DEBUG: ["First Debug Info."] [] []
[2016-11-11 08:10:29] system.ERROR: Whoops\Exception\ErrorException: Class 'Test' not found in file /home/zhong/test/TinyLara/app/controllers/HomeController.php on line 21 Stack trace:   1. Whoops\Exception\ErrorException->() /home/zhong/test/TinyLara/app/controllers/HomeController.php:21  [] []
[2016-11-11 08:10:53] system.ERROR: Whoops\Exception\ErrorException: Class 'Test' not found in file /home/zhong/test/TinyLara/app/controllers/HomeController.php on line 21 Stack trace:   1. Whoops\Exception\ErrorException->() /home/zhong/test/TinyLara/app/controllers/HomeController.php:21  [] []
[2016-11-11 08:10:53] system.ERROR: Whoops\Exception\ErrorException: Class 'Test' not found in file /home/zhong/test/TinyLara/app/controllers/HomeController.php on line 21 Stack trace:   1. Whoops\Exception\ErrorException->() /home/zhong/test/TinyLara/app/controllers/HomeController.php:21  [] []
[2016-11-11 08:10:54] system.ERROR: Whoops\Exception\ErrorException: Class 'Test' not found in file /home/zhong/test/TinyLara/app/controllers/HomeController.php on line 21 Stack trace:   1. Whoops\Exception\ErrorException->() /home/zhong/test/TinyLara/app/controllers/HomeController.php:21  [] []
[2016-11-11 08:10:54] system.ERROR: Whoops\Exception\ErrorException: Class 'Test' not found in file /home/zhong/test/TinyLara/app/controllers/HomeController.php on line 21 Stack trace:   1. Whoops\Exception\ErrorException->() /home/zhong/test/TinyLara/app/controllers/HomeController.php:21  [] []
[2016-11-11 08:12:30] system.ERROR: Whoops\Exception\ErrorException: Class 'Test' not found in file /home/zhong/test/TinyLara/app/controllers/HomeController.php on line 21 Stack trace:   1. Whoops\Exception\ErrorException->() /home/zhong/test/TinyLara/app/controllers/HomeController.php:21  [] []
[2016-11-11 08:12:31] system.ERROR: Whoops\Exception\ErrorException: Class 'Test' not found in file /home/zhong/test/TinyLara/app/controllers/HomeController.php on line 21 Stack trace:   1. Whoops\Exception\ErrorException->() /home/zhong/test/TinyLara/app/controllers/HomeController.php:21  [] []
[2016-11-11 08:12:31] system.ERROR: Whoops\Exception\ErrorException: Class 'Test' not found in file /home/zhong/test/TinyLara/app/controllers/HomeController.php on line 21 Stack trace:   1. Whoops\Exception\ErrorException->() /home/zhong/test/TinyLara/app/controllers/HomeController.php:21  [] []
[2016-11-11 08:12:31] system.ERROR: Whoops\Exception\ErrorException: Class 'Test' not found in file /home/zhong/test/TinyLara/app/controllers/HomeController.php on line 21 Stack trace:   1. Whoops\Exception\ErrorException->() /home/zhong/test/TinyLara/app/controllers/HomeController.php:21  [] []
[2016-11-11 08:13:16] local.DEBUG: ["First Debug Info."] [] []
[2016-11-11 08:13:16] system.ERROR: Whoops\Exception\ErrorException: Class 'Test' not found in file /home/zhong/test/TinyLara/app/controllers/HomeController.php on line 37 Stack trace:   1. Whoops\Exception\ErrorException->() /home/zhong/test/TinyLara/app/controllers/HomeController.php:37  [] []
[2016-11-11 08:13:17] local.DEBUG: ["First Debug Info."] [] []
[2016-11-11 08:13:17] system.ERROR: Whoops\Exception\ErrorException: Class 'Test' not found in file /home/zhong/test/TinyLara/app/controllers/HomeController.php on line 37 Stack trace:   1. Whoops\Exception\ErrorException->() /home/zhong/test/TinyLara/app/controllers/HomeController.php:37  [] []
[2016-11-11 08:13:17] local.DEBUG: ["First Debug Info."] [] []
[2016-11-11 08:13:17] system.ERROR: Whoops\Exception\ErrorException: Class 'Test' not found in file /home/zhong/test/TinyLara/app/controllers/HomeController.php on line 37 Stack trace:   1. Whoops\Exception\ErrorException->() /home/zhong/test/TinyLara/app/controllers/HomeController.php:37  [] []
[2016-11-11 08:13:18] local.DEBUG: ["First Debug Info."] [] []
[2016-11-11 08:13:18] system.ERROR: Whoops\Exception\ErrorException: Class 'Test' not found in file /home/zhong/test/TinyLara/app/controllers/HomeController.php on line 37 Stack trace:   1. Whoops\Exception\ErrorException->() /home/zhong/test/TinyLara/app/controllers/HomeController.php:37  [] []
[2016-11-11 08:13:26] local.DEBUG: ["First Debug Info."] [] []
[2016-11-11 08:13:26] system.ERROR: Whoops\Exception\ErrorException: Class 'Test\Test' not found in file /home/zhong/test/TinyLara/app/controllers/HomeController.php on line 37 Stack trace:   1. Whoops\Exception\ErrorException->() /home/zhong/test/TinyLara/app/controllers/HomeController.php:37  [] []
[2016-11-11 08:13:26] local.DEBUG: ["First Debug Info."] [] []
[2016-11-11 08:13:26] system.ERROR: Whoops\Exception\ErrorException: Class 'Test\Test' not found in file /home/zhong/test/TinyLara/app/controllers/HomeController.php on line 37 Stack trace:   1. Whoops\Exception\ErrorException->() /home/zhong/test/TinyLara/app/controllers/HomeController.php:37  [] []
[2016-11-11 08:13:27] local.DEBUG: ["First Debug Info."] [] []
[2016-11-11 08:13:27] system.ERROR: Whoops\Exception\ErrorException: Class 'Test\Test' not found in file /home/zhong/test/TinyLara/app/controllers/HomeController.php on line 37 Stack trace:   1. Whoops\Exception\ErrorException->() /home/zhong/test/TinyLara/app/controllers/HomeController.php:37  [] []
[2016-11-11 08:13:27] local.DEBUG: ["First Debug Info."] [] []
[2016-11-11 08:13:27] system.ERROR: Whoops\Exception\ErrorException: Class 'Test\Test' not found in file /home/zhong/test/TinyLara/app/controllers/HomeController.php on line 37 Stack trace:   1. Whoops\Exception\ErrorException->() /home/zhong/test/TinyLara/app/controllers/HomeController.php:37  [] []
[2016-11-11 08:13:49] local.DEBUG: ["First Debug Info."] [] []
[2016-11-11 08:13:49] system.ERROR: Whoops\Exception\ErrorException: Class 'Test\Test' not found in file /home/zhong/test/TinyLara/app/controllers/HomeController.php on line 37 Stack trace:   1. Whoops\Exception\ErrorException->() /home/zhong/test/TinyLara/app/controllers/HomeController.php:37  [] []
[2016-11-11 08:13:49] local.DEBUG: ["First Debug Info."] [] []
[2016-11-11 08:13:49] system.ERROR: Whoops\Exception\ErrorException: Class 'Test\Test' not found in file /home/zhong/test/TinyLara/app/controllers/HomeController.php on line 37 Stack trace:   1. Whoops\Exception\ErrorException->() /home/zhong/test/TinyLara/app/controllers/HomeController.php:37  [] []
[2016-11-11 08:13:50] local.DEBUG: ["First Debug Info."] [] []
[2016-11-11 08:13:50] system.ERROR: Whoops\Exception\ErrorException: Class 'Test\Test' not found in file /home/zhong/test/TinyLara/app/controllers/HomeController.php on line 37 Stack trace:   1. Whoops\Exception\ErrorException->() /home/zhong/test/TinyLara/app/controllers/HomeController.php:37  [] []
[2016-11-11 08:13:50] local.DEBUG: ["First Debug Info."] [] []
[2016-11-11 08:13:50] system.ERROR: Whoops\Exception\ErrorException: Class 'Test\Test' not found in file /home/zhong/test/TinyLara/app/controllers/HomeController.php on line 37 Stack trace:   1. Whoops\Exception\ErrorException->() /home/zhong/test/TinyLara/app/controllers/HomeController.php:37  [] []
[2016-11-11 08:13:50] local.DEBUG: ["First Debug Info."] [] []
[2016-11-11 08:13:50] system.ERROR: Whoops\Exception\ErrorException: Class 'Test\Test' not found in file /home/zhong/test/TinyLara/app/controllers/HomeController.php on line 37 Stack trace:   1. Whoops\Exception\ErrorException->() /home/zhong/test/TinyLara/app/controllers/HomeController.php:37  [] []
[2016-11-11 08:13:50] local.DEBUG: ["First Debug Info."] [] []
[2016-11-11 08:13:50] system.ERROR: Whoops\Exception\ErrorException: Class 'Test\Test' not found in file /home/zhong/test/TinyLara/app/controllers/HomeController.php on line 37 Stack trace:   1. Whoops\Exception\ErrorException->() /home/zhong/test/TinyLara/app/controllers/HomeController.php:37  [] []
[2016-11-11 08:14:03] local.DEBUG: ["First Debug Info."] [] []
[2016-11-11 08:14:03] system.ERROR: Whoops\Exception\ErrorException: Class 'Test' not found in file /home/zhong/test/TinyLara/app/controllers/HomeController.php on line 37 Stack trace:   1. Whoops\Exception\ErrorException->() /home/zhong/test/TinyLara/app/controllers/HomeController.php:37  [] []
[2016-11-11 08:14:04] local.DEBUG: ["First Debug Info."] [] []
[2016-11-11 08:14:04] system.ERROR: Whoops\Exception\ErrorException: Class 'Test' not found in file /home/zhong/test/TinyLara/app/controllers/HomeController.php on line 37 Stack trace:   1. Whoops\Exception\ErrorException->() /home/zhong/test/TinyLara/app/controllers/HomeController.php:37  [] []
[2016-11-11 08:14:08] local.DEBUG: ["First Debug Info."] [] []
[2016-11-11 08:14:08] system.ERROR: Whoops\Exception\ErrorException: Class 'Test' not found in file /home/zhong/test/TinyLara/app/controllers/HomeController.php on line 37 Stack trace:   1. Whoops\Exception\ErrorException->() /home/zhong/test/TinyLara/app/controllers/HomeController.php:37  [] []
[2016-11-11 08:14:09] local.DEBUG: ["First Debug Info."] [] []
[2016-11-11 08:14:09] system.ERROR: Whoops\Exception\ErrorException: Class 'Test' not found in file /home/zhong/test/TinyLara/app/controllers/HomeController.php on line 37 Stack trace:   1. Whoops\Exception\ErrorException->() /home/zhong/test/TinyLara/app/controllers/HomeController.php:37  [] []
[2016-11-11 08:14:09] local.DEBUG: ["First Debug Info."] [] []
[2016-11-11 08:14:09] system.ERROR: Whoops\Exception\ErrorException: Class 'Test' not found in file /home/zhong/test/TinyLara/app/controllers/HomeController.php on line 37 Stack trace:   1. Whoops\Exception\ErrorException->() /home/zhong/test/TinyLara/app/controllers/HomeController.php:37  [] []
[2016-11-11 08:14:09] local.DEBUG: ["First Debug Info."] [] []
[2016-11-11 08:14:09] system.ERROR: Whoops\Exception\ErrorException: Class 'Test' not found in file /home/zhong/test/TinyLara/app/controllers/HomeController.php on line 37 Stack trace:   1. Whoops\Exception\ErrorException->() /home/zhong/test/TinyLara/app/controllers/HomeController.php:37  [] []
[2016-11-11 08:14:10] local.DEBUG: ["First Debug Info."] [] []
[2016-11-11 08:14:10] system.ERROR: Whoops\Exception\ErrorException: Class 'Test' not found in file /home/zhong/test/TinyLara/app/controllers/HomeController.php on line 37 Stack trace:   1. Whoops\Exception\ErrorException->() /home/zhong/test/TinyLara/app/controllers/HomeController.php:37  [] []
[2016-11-11 08:14:39] local.DEBUG: ["First Debug Info."] [] []
[2016-11-11 08:14:39] system.ERROR: Whoops\Exception\ErrorException: Class 'Test' not found in file /home/zhong/test/TinyLara/app/controllers/HomeController.php on line 37 Stack trace:   1. Whoops\Exception\ErrorException->() /home/zhong/test/TinyLara/app/controllers/HomeController.php:37  [] []
[2016-11-11 08:14:40] local.DEBUG: ["First Debug Info."] [] []
[2016-11-11 08:14:40] system.ERROR: Whoops\Exception\ErrorException: Class 'Test' not found in file /home/zhong/test/TinyLara/app/controllers/HomeController.php on line 37 Stack trace:   1. Whoops\Exception\ErrorException->() /home/zhong/test/TinyLara/app/controllers/HomeController.php:37  [] []
[2016-11-11 08:14:40] local.DEBUG: ["First Debug Info."] [] []
[2016-11-11 08:14:40] system.ERROR: Whoops\Exception\ErrorException: Class 'Test' not found in file /home/zhong/test/TinyLara/app/controllers/HomeController.php on line 37 Stack trace:   1. Whoops\Exception\ErrorException->() /home/zhong/test/TinyLara/app/controllers/HomeController.php:37  [] []
[2016-11-11 08:14:40] local.DEBUG: ["First Debug Info."] [] []
[2016-11-11 08:14:40] system.ERROR: Whoops\Exception\ErrorException: Class 'Test' not found in file /home/zhong/test/TinyLara/app/controllers/HomeController.php on line 37 Stack trace:   1. Whoops\Exception\ErrorException->() /home/zhong/test/TinyLara/app/controllers/HomeController.php:37  [] []
[2016-11-11 08:14:40] local.DEBUG: ["First Debug Info."] [] []
[2016-11-11 08:14:40] system.ERROR: Whoops\Exception\ErrorException: Class 'Test' not found in file /home/zhong/test/TinyLara/app/controllers/HomeController.php on line 37 Stack trace:   1. Whoops\Exception\ErrorException->() /home/zhong/test/TinyLara/app/controllers/HomeController.php:37  [] []
[2016-11-11 08:15:08] system.ERROR: Whoops\Exception\ErrorException: Class 'Test' not found in file /home/zhong/test/TinyLara/app/controllers/HomeController.php on line 21 Stack trace:   1. Whoops\Exception\ErrorException->() /home/zhong/test/TinyLara/app/controllers/HomeController.php:21  [] []
[2016-11-11 08:15:26] local.DEBUG: ["First Debug Info."] [] []
[2016-11-11 08:15:56] local.DEBUG: ["First Debug Info."] [] []
[2016-11-11 08:16:02] system.ERROR: Whoops\Exception\ErrorException: Class 'Test' not found in file /home/zhong/test/TinyLara/app/controllers/HomeController.php on line 23 Stack trace:   1. Whoops\Exception\ErrorException->() /home/zhong/test/TinyLara/app/controllers/HomeController.php:23  [] []
[2016-11-11 08:17:52] system.ERROR: Whoops\Exception\ErrorException: Class 'Test' not found in file /home/zhong/test/TinyLara/app/controllers/HomeController.php on line 23 Stack trace:   1. Whoops\Exception\ErrorException->() /home/zhong/test/TinyLara/app/controllers/HomeController.php:23  [] []
[2016-11-11 08:17:52] system.ERROR: Whoops\Exception\ErrorException: Class 'Test' not found in file /home/zhong/test/TinyLara/app/controllers/HomeController.php on line 23 Stack trace:   1. Whoops\Exception\ErrorException->() /home/zhong/test/TinyLara/app/controllers/HomeController.php:23  [] []
[2016-11-11 08:19:04] system.ERROR: Whoops\Exception\ErrorException: Use of undefined constant Test - assumed 'Test' in file /home/zhong/test/TinyLara/app/controllers/HomeController.php on line 23 Stack trace:   1. Whoops\Exception\ErrorException->() /home/zhong/test/TinyLara/app/controllers/HomeController.php:23   2. Whoops\Run->handleError() /home/zhong/test/TinyLara/app/controllers/HomeController.php:23   3. HomeController->home() /home/zhong/test/TinyLara/vendor/tinylara/framework/src/TinyLara/Routing/Router.php:114   4. TinyLara\Routing\Router->dispatch() /home/zhong/test/TinyLara/config/routes.php:19   5. require() /home/zhong/test/TinyLara/public/index.php:10  [] []
[2016-11-11 08:19:13] system.ERROR: Whoops\Exception\ErrorException: Undefined constant 'Test' in file /home/zhong/test/TinyLara/app/controllers/HomeController.php on line 23 Stack trace:   1. Whoops\Exception\ErrorException->() /home/zhong/test/TinyLara/app/controllers/HomeController.php:23  [] []
[2016-11-11 08:20:35] system.ERROR: Whoops\Exception\ErrorException: Undefined constant 'Test' in file /home/zhong/test/TinyLara/app/controllers/HomeController.php on line 23 Stack trace:   1. Whoops\Exception\ErrorException->() /home/zhong/test/TinyLara/app/controllers/HomeController.php:23  [] []
[2016-11-11 08:20:35] system.ERROR: Whoops\Exception\ErrorException: Cannot modify header information - headers already sent by (output started at /home/zhong/test/TinyLara/vendor/composer/autoload_real.php:47) in file /home/zhong/test/TinyLara/vendor/tinylara/framework/src/TinyLara/Routing/Router.php on line 184 Stack trace:   1. Whoops\Exception\ErrorException->() /home/zhong/test/TinyLara/vendor/tinylara/framework/src/TinyLara/Routing/Router.php:184   2. header() /home/zhong/test/TinyLara/vendor/tinylara/framework/src/TinyLara/Routing/Router.php:184   3. TinyLara\Routing\Router->TinyLara\Routing\{closure}() /home/zhong/test/TinyLara/vendor/tinylara/framework/src/TinyLara/Routing/Router.php:188   4. call_user_func() /home/zhong/test/TinyLara/vendor/tinylara/framework/src/TinyLara/Routing/Router.php:188   5. TinyLara\Routing\Router->dispatch() /home/zhong/test/TinyLara/config/routes.php:19   6. require() /home/zhong/test/TinyLara/public/index.php:10  [] []
[2016-11-11 08:23:44] system.ERROR: Whoops\Exception\ErrorException: Undefined constant 'Test' in file /home/zhong/test/TinyLara/app/controllers/HomeController.php on line 23 Stack trace:   1. Whoops\Exception\ErrorException->() /home/zhong/test/TinyLara/app/controllers/HomeController.php:23  [] []
[2016-11-11 08:23:45] system.ERROR: Whoops\Exception\ErrorException: Undefined constant 'Test' in file /home/zhong/test/TinyLara/app/controllers/HomeController.php on line 23 Stack trace:   1. Whoops\Exception\ErrorException->() /home/zhong/test/TinyLara/app/controllers/HomeController.php:23  [] []
[2016-11-11 08:23:46] system.ERROR: Whoops\Exception\ErrorException: Undefined constant 'Test' in file /home/zhong/test/TinyLara/app/controllers/HomeController.php on line 23 Stack trace:   1. Whoops\Exception\ErrorException->() /home/zhong/test/TinyLara/app/controllers/HomeController.php:23  [] []
[2016-11-11 08:23:46] system.ERROR: Whoops\Exception\ErrorException: Undefined constant 'Test' in file /home/zhong/test/TinyLara/app/controllers/HomeController.php on line 23 Stack trace:   1. Whoops\Exception\ErrorException->() /home/zhong/test/TinyLara/app/controllers/HomeController.php:23  [] []
[2016-11-11 08:23:46] system.ERROR: Whoops\Exception\ErrorException: Undefined constant 'Test' in file /home/zhong/test/TinyLara/app/controllers/HomeController.php on line 23 Stack trace:   1. Whoops\Exception\ErrorException->() /home/zhong/test/TinyLara/app/controllers/HomeController.php:23  [] []
[2016-11-11 08:23:47] system.ERROR: Whoops\Exception\ErrorException: Undefined constant 'Test' in file /home/zhong/test/TinyLara/app/controllers/HomeController.php on line 23 Stack trace:   1. Whoops\Exception\ErrorException->() /home/zhong/test/TinyLara/app/controllers/HomeController.php:23  [] []
[2016-11-11 08:23:48] system.ERROR: Whoops\Exception\ErrorException: Undefined constant 'Test' in file /home/zhong/test/TinyLara/app/controllers/HomeController.php on line 23 Stack trace:   1. Whoops\Exception\ErrorException->() /home/zhong/test/TinyLara/app/controllers/HomeController.php:23  [] []
[2016-11-11 08:24:06] system.ERROR: Whoops\Exception\ErrorException: Undefined constant 'Test' in file /home/zhong/test/TinyLara/app/controllers/HomeController.php on line 23 Stack trace:   1. Whoops\Exception\ErrorException->() /home/zhong/test/TinyLara/app/controllers/HomeController.php:23  [] []
[2016-11-11 08:24:07] system.ERROR: Whoops\Exception\ErrorException: Undefined constant 'Test' in file /home/zhong/test/TinyLara/app/controllers/HomeController.php on line 23 Stack trace:   1. Whoops\Exception\ErrorException->() /home/zhong/test/TinyLara/app/controllers/HomeController.php:23  [] []
[2016-11-11 08:24:07] system.ERROR: Whoops\Exception\ErrorException: Undefined constant 'Test' in file /home/zhong/test/TinyLara/app/controllers/HomeController.php on line 23 Stack trace:   1. Whoops\Exception\ErrorException->() /home/zhong/test/TinyLara/app/controllers/HomeController.php:23  [] []
[2016-11-11 08:24:07] system.ERROR: Whoops\Exception\ErrorException: Undefined constant 'Test' in file /home/zhong/test/TinyLara/app/controllers/HomeController.php on line 23 Stack trace:   1. Whoops\Exception\ErrorException->() /home/zhong/test/TinyLara/app/controllers/HomeController.php:23  [] []
[2016-11-11 08:24:26] local.DEBUG: ["First Debug Info."] [] []
[2016-11-11 08:24:34] system.ERROR: Whoops\Exception\ErrorException: Use of undefined constant Test - assumed 'Test' in file /home/zhong/test/TinyLara/app/controllers/HomeController.php on line 23 Stack trace:   1. Whoops\Exception\ErrorException->() /home/zhong/test/TinyLara/app/controllers/HomeController.php:23   2. Whoops\Run->handleError() /home/zhong/test/TinyLara/app/controllers/HomeController.php:23   3. HomeController->home() /home/zhong/test/TinyLara/vendor/tinylara/framework/src/TinyLara/Routing/Router.php:114   4. TinyLara\Routing\Router->dispatch() /home/zhong/test/TinyLara/config/routes.php:19   5. require() /home/zhong/test/TinyLara/public/index.php:10  [] []
[2016-11-11 08:24:39] local.DEBUG: ["First Debug Info."] [] []
[2016-11-11 08:25:17] local.DEBUG: ["First Debug Info."] [] []
[2016-11-11 08:25:19] local.DEBUG: ["First Debug Info."] [] []
[2016-11-11 08:25:19] local.DEBUG: ["First Debug Info."] [] []
[2016-11-11 08:25:20] local.DEBUG: ["First Debug Info."] [] []
[2016-11-11 08:25:20] local.DEBUG: ["First Debug Info."] [] []
[2016-11-11 08:25:20] local.DEBUG: ["First Debug Info."] [] []
[2016-11-11 08:25:21] local.DEBUG: ["First Debug Info."] [] []
[2016-11-11 08:25:21] local.DEBUG: ["First Debug Info."] [] []
[2016-11-11 08:25:21] local.DEBUG: ["First Debug Info."] [] []
[2016-11-11 08:28:29] local.DEBUG: ["First Debug Info."] [] []
[2016-11-11 08:46:01] system.ERROR: Whoops\Exception\ErrorException: Class 'Test\Test' not found in file /home/zhong/test/TinyLara/app/models/Test/Test.php on line 4 Stack trace:   1. Whoops\Exception\ErrorException->() /home/zhong/test/TinyLara/app/models/Test/Test.php:4  [] []
[2016-11-11 08:47:44] system.ERROR: Whoops\Exception\ErrorException: Interface function TestInterface::test() cannot contain body in file /home/zhong/test/TinyLara/app/models/Test.php on line 5 Stack trace:   1. Whoops\Exception\ErrorException->() /home/zhong/test/TinyLara/app/models/Test.php:5  [] []
[2016-11-11 08:47:45] system.ERROR: Whoops\Exception\ErrorException: Interface function TestInterface::test() cannot contain body in file /home/zhong/test/TinyLara/app/models/Test.php on line 5 Stack trace:   1. Whoops\Exception\ErrorException->() /home/zhong/test/TinyLara/app/models/Test.php:5  [] []
[2016-11-11 08:47:45] system.ERROR: Whoops\Exception\ErrorException: Interface function TestInterface::test() cannot contain body in file /home/zhong/test/TinyLara/app/models/Test.php on line 5 Stack trace:   1. Whoops\Exception\ErrorException->() /home/zhong/test/TinyLara/app/models/Test.php:5  [] []
[2016-11-11 08:47:46] system.ERROR: Whoops\Exception\ErrorException: Interface function TestInterface::test() cannot contain body in file /home/zhong/test/TinyLara/app/models/Test.php on line 5 Stack trace:   1. Whoops\Exception\ErrorException->() /home/zhong/test/TinyLara/app/models/Test.php:5  [] []
[2016-11-11 08:47:46] system.ERROR: Whoops\Exception\ErrorException: Interface function TestInterface::test() cannot contain body in file /home/zhong/test/TinyLara/app/models/Test.php on line 5 Stack trace:   1. Whoops\Exception\ErrorException->() /home/zhong/test/TinyLara/app/models/Test.php:5  [] []
[2016-11-11 08:47:47] system.ERROR: Whoops\Exception\ErrorException: Interface function TestInterface::test() cannot contain body in file /home/zhong/test/TinyLara/app/models/Test.php on line 5 Stack trace:   1. Whoops\Exception\ErrorException->() /home/zhong/test/TinyLara/app/models/Test.php:5  [] []
[2016-11-11 08:48:17] system.ERROR: Whoops\Exception\ErrorException: Cannot instantiate abstract class Test in file /home/zhong/test/TinyLara/vendor/illuminate/database/Eloquent/Model.php on line 3550 Stack trace:   1. Whoops\Exception\ErrorException->() /home/zhong/test/TinyLara/vendor/illuminate/database/Eloquent/Model.php:3550  [] []
[2016-11-11 08:51:12] system.ERROR: Whoops\Exception\ErrorException: Cannot instantiate abstract class Test in file /home/zhong/test/TinyLara/vendor/illuminate/database/Eloquent/Model.php on line 3550 Stack trace:   1. Whoops\Exception\ErrorException->() /home/zhong/test/TinyLara/vendor/illuminate/database/Eloquent/Model.php:3550  [] []
[2016-11-11 08:51:25] system.ERROR: Whoops\Exception\ErrorException: Class 'Test\Test' not found in file /home/zhong/test/TinyLara/app/models/Test/Test.php on line 4 Stack trace:   1. Whoops\Exception\ErrorException->() /home/zhong/test/TinyLara/app/models/Test/Test.php:4  [] []
[2016-11-11 08:51:26] system.ERROR: Whoops\Exception\ErrorException: Class 'Test\Test' not found in file /home/zhong/test/TinyLara/app/models/Test/Test.php on line 4 Stack trace:   1. Whoops\Exception\ErrorException->() /home/zhong/test/TinyLara/app/models/Test/Test.php:4  [] []
[2016-11-11 08:52:33] system.ERROR: Whoops\Exception\ErrorException: Class 'Test\Test' not found in file /home/zhong/test/TinyLara/app/models/Test/Test.php on line 4 Stack trace:   1. Whoops\Exception\ErrorException->() /home/zhong/test/TinyLara/app/models/Test/Test.php:4  [] []
[2016-11-11 08:52:33] system.ERROR: Whoops\Exception\ErrorException: Class 'Test\Test' not found in file /home/zhong/test/TinyLara/app/models/Test/Test.php on line 4 Stack trace:   1. Whoops\Exception\ErrorException->() /home/zhong/test/TinyLara/app/models/Test/Test.php:4  [] []
[2016-11-11 08:52:34] system.ERROR: Whoops\Exception\ErrorException: Class 'Test\Test' not found in file /home/zhong/test/TinyLara/app/models/Test/Test.php on line 4 Stack trace:   1. Whoops\Exception\ErrorException->() /home/zhong/test/TinyLara/app/models/Test/Test.php:4  [] []
[2016-11-11 08:52:34] system.ERROR: Whoops\Exception\ErrorException: Class 'Test\Test' not found in file /home/zhong/test/TinyLara/app/models/Test/Test.php on line 4 Stack trace:   1. Whoops\Exception\ErrorException->() /home/zhong/test/TinyLara/app/models/Test/Test.php:4  [] []
[2016-11-11 08:52:35] system.ERROR: Whoops\Exception\ErrorException: Class 'Test\Test' not found in file /home/zhong/test/TinyLara/app/models/Test/Test.php on line 4 Stack trace:   1. Whoops\Exception\ErrorException->() /home/zhong/test/TinyLara/app/models/Test/Test.php:4  [] []
[2016-11-11 08:53:12] local.DEBUG: ["First Debug Info."] [] []
[2016-11-11 08:54:14] system.ERROR: Whoops\Exception\ErrorException: Class 'Test\Test\Test' not found in file /home/zhong/test/TinyLara/app/controllers/HomeController.php on line 24 Stack trace:   1. Whoops\Exception\ErrorException->() /home/zhong/test/TinyLara/app/controllers/HomeController.php:24  [] []
[2016-11-11 08:54:24] local.DEBUG: ["First Debug Info."] [] []
[2016-11-11 08:55:30] local.DEBUG: ["First Debug Info."] [] []
[2016-11-11 10:23:03] local.DEBUG: ["First Debug Info."] [] []
[2016-11-11 10:23:05] local.DEBUG: ["First Debug Info."] [] []
[2016-11-11 16:12:43] system.ERROR: Whoops\Exception\ErrorException: include(/home/zhong/test/TinyLara/app/controllers/HomeController.php): failed to open stream: No such file or directory in file /home/zhong/test/TinyLara/vendor/composer/ClassLoader.php on line 412 Stack trace:   1. Whoops\Exception\ErrorException->() /home/zhong/test/TinyLara/vendor/composer/ClassLoader.php:412   2. Composer\Autoload\includeFile() /home/zhong/test/TinyLara/vendor/composer/ClassLoader.php:412   3. Composer\Autoload\includeFile() /home/zhong/test/TinyLara/vendor/composer/ClassLoader.php:301   4. Composer\Autoload\ClassLoader->loadClass() [internal]:0   5. spl_autoload_call() /home/zhong/test/TinyLara/vendor/tinylara/framework/src/TinyLara/Routing/Router.php:110   6. TinyLara\Routing\Router->dispatch() /home/zhong/test/TinyLara/config/routes.php:19   7. require() /home/zhong/test/TinyLara/public/index.php:10  [] []
[2016-11-11 16:12:44] system.ERROR: Whoops\Exception\ErrorException: include(/home/zhong/test/TinyLara/app/controllers/HomeController.php): failed to open stream: No such file or directory in file /home/zhong/test/TinyLara/vendor/composer/ClassLoader.php on line 412 Stack trace:   1. Whoops\Exception\ErrorException->() /home/zhong/test/TinyLara/vendor/composer/ClassLoader.php:412   2. Composer\Autoload\includeFile() /home/zhong/test/TinyLara/vendor/composer/ClassLoader.php:412   3. Composer\Autoload\includeFile() /home/zhong/test/TinyLara/vendor/composer/ClassLoader.php:301   4. Composer\Autoload\ClassLoader->loadClass() [internal]:0   5. spl_autoload_call() /home/zhong/test/TinyLara/vendor/tinylara/framework/src/TinyLara/Routing/Router.php:110   6. TinyLara\Routing\Router->dispatch() /home/zhong/test/TinyLara/config/routes.php:19   7. require() /home/zhong/test/TinyLara/public/index.php:10  [] []
[2016-11-11 16:12:45] system.ERROR: Whoops\Exception\ErrorException: include(/home/zhong/test/TinyLara/app/controllers/HomeController.php): failed to open stream: No such file or directory in file /home/zhong/test/TinyLara/vendor/composer/ClassLoader.php on line 412 Stack trace:   1. Whoops\Exception\ErrorException->() /home/zhong/test/TinyLara/vendor/composer/ClassLoader.php:412   2. Composer\Autoload\includeFile() /home/zhong/test/TinyLara/vendor/composer/ClassLoader.php:412   3. Composer\Autoload\includeFile() /home/zhong/test/TinyLara/vendor/composer/ClassLoader.php:301   4. Composer\Autoload\ClassLoader->loadClass() [internal]:0   5. spl_autoload_call() /home/zhong/test/TinyLara/vendor/tinylara/framework/src/TinyLara/Routing/Router.php:110   6. TinyLara\Routing\Router->dispatch() /home/zhong/test/TinyLara/config/routes.php:19   7. require() /home/zhong/test/TinyLara/public/index.php:10  [] []
[2016-11-11 16:12:45] system.ERROR: Whoops\Exception\ErrorException: include(/home/zhong/test/TinyLara/app/controllers/HomeController.php): failed to open stream: No such file or directory in file /home/zhong/test/TinyLara/vendor/composer/ClassLoader.php on line 412 Stack trace:   1. Whoops\Exception\ErrorException->() /home/zhong/test/TinyLara/vendor/composer/ClassLoader.php:412   2. Composer\Autoload\includeFile() /home/zhong/test/TinyLara/vendor/composer/ClassLoader.php:412   3. Composer\Autoload\includeFile() /home/zhong/test/TinyLara/vendor/composer/ClassLoader.php:301   4. Composer\Autoload\ClassLoader->loadClass() [internal]:0   5. spl_autoload_call() /home/zhong/test/TinyLara/vendor/tinylara/framework/src/TinyLara/Routing/Router.php:110   6. TinyLara\Routing\Router->dispatch() /home/zhong/test/TinyLara/config/routes.php:19   7. require() /home/zhong/test/TinyLara/public/index.php:10  [] []
[2016-11-11 16:12:46] local.DEBUG: ["First Debug Info."] [] []
[2016-11-11 16:23:15] local.DEBUG: ["First Debug Info."] [] []
[2016-11-11 16:23:15] local.DEBUG: ["First Debug Info."] [] []
[2016-11-11 16:23:16] local.DEBUG: ["First Debug Info."] [] []
[2016-11-11 16:23:16] local.DEBUG: ["First Debug Info."] [] []
[2016-11-24 14:42:34] local.DEBUG: ["First Debug Info."] [] []
